<?xml version="1.0" encoding="UTF-8"?>
<robot generator="Robot 7.0 (Python 3.12.0 on win32)" generated="2024-01-18T23:36:53.280120" rpa="false" schemaversion="5">
<suite id="s1" name="Store Webtesting Tests" source="c:\RobotFrameworkProjetos\automatizando-demoweb-robotframework\tests\store_webtesting_tests.robot">
<test id="s1-t1" name="Cenário 02: Entrar na tela de detalhes de um produto" line="12">
<kw name="Dado que estou na tela principal da aplicação" owner="store_webtesting_resources">
<kw name="Então acesso a tela principal da aplicação" owner="store_webtesting_resources">
<kw name="Wait Until Page Contains" owner="SeleniumLibrary">
<msg time="2024-01-18T23:36:53.603943" level="INFO">Cannot capture screenshot because no browser is open.</msg>
<msg time="2024-01-18T23:36:53.607943" level="FAIL">No browser is open.</msg>
<arg>text=${PRODUCTS}</arg>
<doc>Waits until ``text`` appears on the current page.</doc>
<status status="FAIL" start="2024-01-18T23:36:53.602960" elapsed="0.011984">No browser is open.</status>
</kw>
<kw name="Fim de um teste" owner="store_webtesting_resources">
<arg>cenario01</arg>
<status status="NOT RUN" start="2024-01-18T23:36:53.615944" elapsed="0.000000"/>
</kw>
<status status="FAIL" start="2024-01-18T23:36:53.601954" elapsed="0.014990">No browser is open.</status>
</kw>
<status status="FAIL" start="2024-01-18T23:36:53.600943" elapsed="0.016001">No browser is open.</status>
</kw>
<kw name="Quando clico sobre o nome de um produto" owner="store_webtesting_resources">
<status status="NOT RUN" start="2024-01-18T23:36:53.619945" elapsed="0.000000"/>
</kw>
<kw name="Então sou redirecionado para a tela de detalhes do respectivo produto" owner="store_webtesting_resources">
<status status="NOT RUN" start="2024-01-18T23:36:53.620944" elapsed="0.001000"/>
</kw>
<status status="FAIL" start="2024-01-18T23:36:53.599943" elapsed="0.023001">No browser is open.</status>
</test>
<status status="FAIL" start="2024-01-18T23:36:53.290121" elapsed="0.334823"/>
</suite>
<statistics>
<total>
<stat pass="0" fail="1" skip="0">All Tests</stat>
</total>
<tag>
</tag>
<suite>
<stat pass="0" fail="1" skip="0" id="s1" name="Store Webtesting Tests">Store Webtesting Tests</stat>
</suite>
</statistics>
<errors>
</errors>
</robot>
